<?xml version="1.0" encoding="UTF-8" ?>
<testsuite tests="32" failures="0" name="softwarecorporativo.entidade.test.TestSuite" time="0.794" errors="0" skipped="0">
  <properties>
    <property name="java.runtime.name" value="OpenJDK Runtime Environment"/>
    <property name="sun.boot.library.path" value="/usr/lib/jvm/java-8-openjdk-amd64/jre/lib/amd64"/>
    <property name="java.vm.version" value="25.292-b10"/>
    <property name="java.vm.vendor" value="Private Build"/>
    <property name="maven.multiModuleProjectDirectory" value="/home/victor/Documentos/repo/CiaDosBrindes/DescorpEJB"/>
    <property name="java.vendor.url" value="http://java.oracle.com/"/>
    <property name="path.separator" value=":"/>
    <property name="guice.disable.misplaced.annotation.check" value="true"/>
    <property name="java.vm.name" value="OpenJDK 64-Bit Server VM"/>
    <property name="file.encoding.pkg" value="sun.io"/>
    <property name="user.country" value="BR"/>
    <property name="sun.java.launcher" value="SUN_STANDARD"/>
    <property name="sun.os.patch.level" value="unknown"/>
    <property name="java.vm.specification.name" value="Java Virtual Machine Specification"/>
    <property name="user.dir" value="/home/victor/Documentos/repo/CiaDosBrindes/DescorpEJB"/>
    <property name="java.runtime.version" value="1.8.0_292-8u292-b10-0ubuntu1~20.04-b10"/>
    <property name="java.awt.graphicsenv" value="sun.awt.X11GraphicsEnvironment"/>
    <property name="java.endorsed.dirs" value="/usr/lib/jvm/java-8-openjdk-amd64/jre/lib/endorsed"/>
    <property name="os.arch" value="amd64"/>
    <property name="java.io.tmpdir" value="/tmp"/>
    <property name="line.separator" value="
"/>
    <property name="java.vm.specification.vendor" value="Oracle Corporation"/>
    <property name="os.name" value="Linux"/>
    <property name="maven.ext.class.path" value="/usr/local/netbeans-12.0/netbeans/java/maven-nblib/netbeans-eventspy.jar"/>
    <property name="classworlds.conf" value="/usr/local/netbeans-12.0/netbeans/java/maven/bin/m2.conf"/>
    <property name="sun.jnu.encoding" value="UTF-8"/>
    <property name="java.library.path" value="/usr/java/packages/lib/amd64:/usr/lib/x86_64-linux-gnu/jni:/lib/x86_64-linux-gnu:/usr/lib/x86_64-linux-gnu:/usr/lib/jni:/lib:/usr/lib"/>
    <property name="maven.conf" value="/usr/local/netbeans-12.0/netbeans/java/maven/conf"/>
    <property name="java.specification.name" value="Java Platform API Specification"/>
    <property name="java.class.version" value="52.0"/>
    <property name="sun.management.compiler" value="HotSpot 64-Bit Tiered Compilers"/>
    <property name="os.version" value="5.8.0-59-generic"/>
    <property name="library.jansi.path" value="/usr/local/netbeans-12.0/netbeans/java/maven/lib/jansi-native"/>
    <property name="user.home" value="/home/victor"/>
    <property name="user.timezone" value="America/Recife"/>
    <property name="java.awt.printerjob" value="sun.print.PSPrinterJob"/>
    <property name="java.specification.version" value="1.8"/>
    <property name="file.encoding" value="UTF-8"/>
    <property name="user.name" value="victor"/>
    <property name="java.class.path" value="/usr/local/netbeans-12.0/netbeans/java/maven/boot/plexus-classworlds-2.6.0.jar"/>
    <property name="java.vm.specification.version" value="1.8"/>
    <property name="sun.arch.data.model" value="64"/>
    <property name="java.home" value="/usr/lib/jvm/java-8-openjdk-amd64/jre"/>
    <property name="sun.java.command" value="org.codehaus.plexus.classworlds.launcher.Launcher -Dmaven.ext.class.path=/usr/local/netbeans-12.0/netbeans/java/maven-nblib/netbeans-eventspy.jar clean install"/>
    <property name="java.specification.vendor" value="Oracle Corporation"/>
    <property name="user.language" value="pt"/>
    <property name="awt.toolkit" value="sun.awt.X11.XToolkit"/>
    <property name="java.vm.info" value="mixed mode"/>
    <property name="java.version" value="1.8.0_292"/>
    <property name="java.ext.dirs" value="/usr/lib/jvm/java-8-openjdk-amd64/jre/lib/ext:/usr/java/packages/lib/ext"/>
    <property name="securerandom.source" value="file:/dev/./urandom"/>
    <property name="sun.boot.class.path" value="/usr/lib/jvm/java-8-openjdk-amd64/jre/lib/resources.jar:/usr/lib/jvm/java-8-openjdk-amd64/jre/lib/rt.jar:/usr/lib/jvm/java-8-openjdk-amd64/jre/lib/sunrsasign.jar:/usr/lib/jvm/java-8-openjdk-amd64/jre/lib/jsse.jar:/usr/lib/jvm/java-8-openjdk-amd64/jre/lib/jce.jar:/usr/lib/jvm/java-8-openjdk-amd64/jre/lib/charsets.jar:/usr/lib/jvm/java-8-openjdk-amd64/jre/lib/jfr.jar:/usr/lib/jvm/java-8-openjdk-amd64/jre/classes"/>
    <property name="java.vendor" value="Private Build"/>
    <property name="maven.home" value="/usr/local/netbeans-12.0/netbeans/java/maven"/>
    <property name="file.separator" value="/"/>
    <property name="java.vendor.url.bug" value="http://bugreport.sun.com/bugreport/"/>
    <property name="sun.cpu.endian" value="little"/>
    <property name="sun.io.unicode.encoding" value="UnicodeLittle"/>
    <property name="sun.desktop" value="gnome"/>
    <property name="sun.cpu.isalist" value=""/>
  </properties>
  <testcase classname="softwarecorporativo.entidade.test.AdministradorCrudTest" name="getAdministradorPorCPF" time="0.112"/>
  <testcase classname="softwarecorporativo.entidade.test.AdministradorCrudTest" name="consultarAdministradorCPFInvalido" time="0.026"/>
  <testcase classname="softwarecorporativo.entidade.test.AdministradorCrudTest" name="getAdministradorPorId" time="0.006"/>
  <testcase classname="softwarecorporativo.entidade.test.ClienteUsuarioCrudTest" name="atualizarPais" time="0.118"/>
  <testcase classname="softwarecorporativo.entidade.test.ClienteUsuarioCrudTest" name="atualizarCPFInvalido" time="0.019"/>
  <testcase classname="softwarecorporativo.entidade.test.ClienteUsuarioCrudTest" name="getClientePorCPF" time="0.005"/>
  <testcase classname="softwarecorporativo.entidade.test.ClienteUsuarioCrudTest" name="atualizar" time="0.013"/>
  <testcase classname="softwarecorporativo.entidade.test.ClienteUsuarioCrudTest" name="atualizarPaisInvalido" time="0.005"/>
  <testcase classname="softwarecorporativo.entidade.test.ClienteUsuarioCrudTest" name="getClientePorId" time="0.002"/>
  <testcase classname="softwarecorporativo.entidade.test.ClienteUsuarioCrudTest" name="persistir" time="0.016"/>
  <testcase classname="softwarecorporativo.entidade.test.ClienteUsuarioCrudTest" name="consultarClienteCPFInvalido" time="0.003"/>
  <testcase classname="softwarecorporativo.entidade.test.CorProdutoCrudTest" name="existeCor" time="0.041"/>
  <testcase classname="softwarecorporativo.entidade.test.CorProdutoCrudTest" name="atualizar" time="0.018"/>
  <testcase classname="softwarecorporativo.entidade.test.CorProdutoCrudTest" name="persistir" time="0.007"/>
  <testcase classname="softwarecorporativo.entidade.test.CorProdutoCrudTest" name="getCorPorTipo" time="0.002"/>
  <testcase classname="softwarecorporativo.entidade.test.CorProdutoCrudTest" name="getCorPorId" time="0.001"/>
  <testcase classname="softwarecorporativo.entidade.test.PedidoCrudTest" name="getPedidoPorLog" time="0.041"/>
  <testcase classname="softwarecorporativo.entidade.test.PedidoCrudTest" name="atualizar" time="0.061"/>
  <testcase classname="softwarecorporativo.entidade.test.PedidoCrudTest" name="getPedidoPorId" time="0.001"/>
  <testcase classname="softwarecorporativo.entidade.test.ProdutoCrudTest" name="existeProduto" time="0.099"/>
  <testcase classname="softwarecorporativo.entidade.test.ProdutoCrudTest" name="getProdutoPorID" time="0.006"/>
  <testcase classname="softwarecorporativo.entidade.test.ProdutoCrudTest" name="getProdutoPorId" time="0.005"/>
  <testcase classname="softwarecorporativo.entidade.test.ProdutoCrudTest" name="atualizar" time="0.026"/>
  <testcase classname="softwarecorporativo.entidade.test.TamanhoProdutoCrudTest" name="existeTamanho" time="0.039"/>
  <testcase classname="softwarecorporativo.entidade.test.TamanhoProdutoCrudTest" name="getTamanhoPorTipo" time="0.008"/>
  <testcase classname="softwarecorporativo.entidade.test.TamanhoProdutoCrudTest" name="atualizar" time="0.022"/>
  <testcase classname="softwarecorporativo.entidade.test.TamanhoProdutoCrudTest" name="persistir" time="0.01"/>
  <testcase classname="softwarecorporativo.entidade.test.TamanhoProdutoCrudTest" name="getTamanhoPorId" time="0.001"/>
  <testcase classname="softwarecorporativo.entidade.test.TipoProdutoCrudTest" name="getTipoProdutoPorId" time="0.051"/>
  <testcase classname="softwarecorporativo.entidade.test.TipoProdutoCrudTest" name="persistir" time="0.019"/>
  <testcase classname="softwarecorporativo.entidade.test.TipoProdutoCrudTest" name="existeTipoProduto" time="0.007"/>
  <testcase classname="softwarecorporativo.entidade.test.TipoProdutoCrudTest" name="getTipoProdutoPorNome" time="0.004"/>
</testsuite>